<?xml version="1.0" encoding="UTF-8"?>
<!-- Generated by org.testng.reporters.JUnitXMLReporter -->
<testsuite ignored="0" hostname="Swathi" failures="0" tests="8" name="Smoke test cases" time="0.123" errors="0" timestamp="06 Dec 2017 08:28:38 GMT">
  <testcase classname="testngFiles.Annotations3" name="ClearCooky1" time="0.043"/>
  <testcase classname="testngFiles.Annotations3" name="ClearCooky2" time="0.004"/>
  <testcase classname="testngFiles.Annotations3" name="ClearCooky3" time="0.005"/>
  <testcase classname="testngFiles.Annotations3" name="ClearCooky4" time="0.002"/>
  <testcase classname="testngFiles.Annotations3" name="ClearCooky5" time="0.002"/>
  <testcase classname="testngFiles.Annotations3" name="userid" time="0.002"/>
  <testcase classname="testngFiles.Annotations3" name="userid" time="0.002"/>
  <testcase classname="testngFiles.Annotations3" name="userid" time="0.003"/>
</testsuite> <!-- Smoke test cases -->
