<?xml version="1.0" encoding="UTF-8"?>
<testng-results ignored="0" total="2" passed="2" failed="0" skipped="0">
  <reporter-output>
  </reporter-output>
  <suite started-at="2017-12-06T10:31:11Z" name="Default suite" finished-at="2017-12-06T10:31:19Z" duration-ms="8063">
    <groups>
    </groups>
    <test started-at="2017-12-06T10:31:11Z" name="Default test" finished-at="2017-12-06T10:31:19Z" duration-ms="8063">
      <class name="testngFiles.Annotation5">
        <test-method signature="abc()[pri:0, instance:testngFiles.Annotation5@3514a4c0]" started-at="2017-12-06T16:01:11Z" name="abc" finished-at="2017-12-06T16:01:11Z" duration-ms="10" status="PASS">
          <reporter-output>
          </reporter-output>
        </test-method> <!-- abc -->
        <test-method signature="Login()[pri:0, instance:testngFiles.Annotation5@3514a4c0]" started-at="2017-12-06T16:01:11Z" name="Login" finished-at="2017-12-06T16:01:19Z" duration-ms="8018" status="PASS">
          <reporter-output>
          </reporter-output>
        </test-method> <!-- Login -->
      </class> <!-- testngFiles.Annotation5 -->
    </test> <!-- Default test -->
  </suite> <!-- Default suite -->
</testng-results>
